<?xml version="1.0" encoding="UTF-8"?>
<!-- Generated by org.testng.reporters.JUnitReportReporter -->
<testsuite hostname="DESKTOP-TOPG9LE" failures="0" tests="1" name="saboyano21.AppiumFrameworkDesign2.TestCaseEcommerce3" time="22.251" errors="0" timestamp="2024-02-21T15:29:45 GMT" skipped="0">
  <testcase classname="saboyano21.AppiumFrameworkDesign2.TestCaseEcommerce3" name="FillForm" time="22.251"/>
</testsuite> <!-- saboyano21.AppiumFrameworkDesign2.TestCaseEcommerce3 -->
