<?xml version="1.0" encoding="UTF-8"?>
<!-- Generated by org.testng.reporters.JUnitReportReporter -->
<testsuite hostname="DESKTOP-TOPG9LE" failures="0" tests="1" name="saboyano21.AppiumFrameworkDesign2.TestCaseEcommerce2" time="20.002" errors="1" timestamp="2024-02-13T10:50:14 GMT" skipped="0">
  <testcase classname="saboyano21.AppiumFrameworkDesign2.TestCaseEcommerce2" name="FillForm" time="20.002">
    <error message="Expected condition failed: waiting for value to contain &quot;Cart&quot;. (tried for 5 second(s) with 500 milliseconds interval)
Build info: version: &#039;4.13.0&#039;, revision: &#039;ba948ece5b*&#039;
System info: os.name: &#039;Windows 10&#039;, os.arch: &#039;amd64&#039;, os.version: &#039;10.0&#039;, java.version: &#039;17.0.9&#039;
Driver info: io.appium.java_client.android.AndroidDriver
Capabilities {appium:app: C:\Users\dell\git\repositor..., appium:appPackage: com.androidsample.generalstore, appium:appWaitDuration: 900000, appium:appWaitForLaunch: false, appium:automationName: uiautomator2, appium:avd: SaboyanoEmulator, appium:avdLaunchTimeout: 180000, appium:databaseEnabled: false, appium:desired: {app: C:\Users\dell\git\repositor..., appWaitDuration: 900000, appWaitForLaunch: false, automationName: uiautomator2, avd: SaboyanoEmulator, avdLaunchTimeout: 180000, ignoreHiddenApiPolicyError: true, platformName: ANDROID, platformVersion: 10.0, –session-override: true}, appium:deviceApiLevel: 29, appium:deviceManufacturer: Google, appium:deviceModel: Android SDK built for x86, appium:deviceName: emulator-5554, appium:deviceScreenDensity: 440, appium:deviceScreenSize: 1080x2340, appium:deviceUDID: emulator-5554, appium:ignoreHiddenApiPolicyError: true, appium:javascriptEnabled: true, appium:locationContextEnabled: false, appium:networkConnectionEnabled: true, appium:pixelRatio: 2.75, appium:platformVersion: 10, appium:statBarHeight: 66, appium:takesScreenshot: true, appium:viewportRect: {height: 2142, left: 0, top: 66, width: 1080}, appium:warnings: {}, appium:webStorageEnabled: false, appium:–session-override: true, platformName: ANDROID}
Session ID: dc0a03e7-02ca-4f83-a35a-8c4ef4bf4691" type="org.openqa.selenium.TimeoutException">
      <![CDATA[org.openqa.selenium.TimeoutException: Expected condition failed: waiting for value to contain "Cart". (tried for 5 second(s) with 500 milliseconds interval)
Build info: version: '4.13.0', revision: 'ba948ece5b*'
System info: os.name: 'Windows 10', os.arch: 'amd64', os.version: '10.0', java.version: '17.0.9'
Driver info: io.appium.java_client.android.AndroidDriver
Capabilities {appium:app: C:\Users\dell\git\repositor..., appium:appPackage: com.androidsample.generalstore, appium:appWaitDuration: 900000, appium:appWaitForLaunch: false, appium:automationName: uiautomator2, appium:avd: SaboyanoEmulator, appium:avdLaunchTimeout: 180000, appium:databaseEnabled: false, appium:desired: {app: C:\Users\dell\git\repositor..., appWaitDuration: 900000, appWaitForLaunch: false, automationName: uiautomator2, avd: SaboyanoEmulator, avdLaunchTimeout: 180000, ignoreHiddenApiPolicyError: true, platformName: ANDROID, platformVersion: 10.0, –session-override: true}, appium:deviceApiLevel: 29, appium:deviceManufacturer: Google, appium:deviceModel: Android SDK built for x86, appium:deviceName: emulator-5554, appium:deviceScreenDensity: 440, appium:deviceScreenSize: 1080x2340, appium:deviceUDID: emulator-5554, appium:ignoreHiddenApiPolicyError: true, appium:javascriptEnabled: true, appium:locationContextEnabled: false, appium:networkConnectionEnabled: true, appium:pixelRatio: 2.75, appium:platformVersion: 10, appium:statBarHeight: 66, appium:takesScreenshot: true, appium:viewportRect: {height: 2142, left: 0, top: 66, width: 1080}, appium:warnings: {}, appium:webStorageEnabled: false, appium:–session-override: true, platformName: ANDROID}
Session ID: dc0a03e7-02ca-4f83-a35a-8c4ef4bf4691
at org.openqa.selenium.support.ui.WebDriverWait.timeoutException(WebDriverWait.java:84)
at org.openqa.selenium.support.ui.FluentWait.until(FluentWait.java:230)
at saboyano21.AppiumFrameworkDesign2.TestCaseEcommerce2.FillForm(TestCaseEcommerce2.java:60)
at java.base/jdk.internal.reflect.NativeMethodAccessorImpl.invoke0(Native Method)
at java.base/jdk.internal.reflect.NativeMethodAccessorImpl.invoke(NativeMethodAccessorImpl.java:77)
at java.base/jdk.internal.reflect.DelegatingMethodAccessorImpl.invoke(DelegatingMethodAccessorImpl.java:43)
at java.base/java.lang.reflect.Method.invoke(Method.java:568)
at org.testng.internal.invokers.MethodInvocationHelper.invokeMethod(MethodInvocationHelper.java:139)
at org.testng.internal.invokers.TestInvoker.invokeMethod(TestInvoker.java:664)
at org.testng.internal.invokers.TestInvoker.invokeTestMethod(TestInvoker.java:228)
at org.testng.internal.invokers.MethodRunner.runInSequence(MethodRunner.java:63)
at org.testng.internal.invokers.TestInvoker$MethodInvocationAgent.invoke(TestInvoker.java:961)
at org.testng.internal.invokers.TestInvoker.invokeTestMethods(TestInvoker.java:201)
at org.testng.internal.invokers.TestMethodWorker.invokeTestMethods(TestMethodWorker.java:148)
at org.testng.internal.invokers.TestMethodWorker.run(TestMethodWorker.java:128)
at java.base/java.util.ArrayList.forEach(ArrayList.java:1511)
at org.testng.TestRunner.privateRun(TestRunner.java:819)
at org.testng.TestRunner.run(TestRunner.java:619)
at org.testng.SuiteRunner.runTest(SuiteRunner.java:443)
at org.testng.SuiteRunner.runSequentially(SuiteRunner.java:437)
at org.testng.SuiteRunner.privateRun(SuiteRunner.java:397)
at org.testng.SuiteRunner.run(SuiteRunner.java:336)
at org.testng.SuiteRunnerWorker.runSuite(SuiteRunnerWorker.java:52)
at org.testng.SuiteRunnerWorker.run(SuiteRunnerWorker.java:95)
at org.testng.TestNG.runSuitesSequentially(TestNG.java:1301)
at org.testng.TestNG.runSuitesLocally(TestNG.java:1228)
at org.testng.TestNG.runSuites(TestNG.java:1134)
at org.testng.TestNG.run(TestNG.java:1101)
at org.testng.remote.AbstractRemoteTestNG.run(AbstractRemoteTestNG.java:115)
at org.testng.remote.RemoteTestNG.initAndRun(RemoteTestNG.java:251)
at org.testng.remote.RemoteTestNG.main(RemoteTestNG.java:77)
]]>
    </error>
  </testcase> <!-- FillForm -->
</testsuite> <!-- saboyano21.AppiumFrameworkDesign2.TestCaseEcommerce2 -->
